#
# There is insufficient memory for the Java Runtime Environment to continue.
# Native memory allocation (mmap) failed to map 264241152 bytes for G1 virtual space
# Possible reasons:
#   The system is out of physical RAM or swap space
#   The process is running with CompressedOops enabled, and the Java Heap may be blocking the growth of the native heap
# Possible solutions:
#   Reduce memory load on the system
#   Increase physical memory or swap space
#   Check if swap backing store is full
#   Decrease Java heap size (-Xmx/-Xms)
#   Decrease number of Java threads
#   Decrease Java thread stack sizes (-Xss)
#   Set larger code cache with -XX:ReservedCodeCacheSize=
#   JVM is running with Zero Based Compressed Oops mode in which the Java heap is
#     placed in the first 32GB address space. The Java Heap base address is the
#     maximum limit for the native heap growth. Please use -XX:HeapBaseMinAddress
#     to set the Java Heap base and to place the Java Heap above 32GB virtual address.
# This output file may be truncated or incomplete.
#
#  Out of Memory Error (os_windows.cpp:3550), pid=31508, tid=30692
#
# JRE version:  (17.0.8+9) (build )
# Java VM: Java HotSpot(TM) 64-Bit Server VM (17.0.8+9-LTS-211, mixed mode, emulated-client, sharing, tiered, compressed oops, compressed class ptrs, g1 gc, windows-amd64)
# No core dump will be written. Minidumps are not enabled by default on client versions of Windows
#

---------------  S U M M A R Y ------------

Command Line: -XX:TieredStopAtLevel=1 -Dspring.profiles.active=dev -Dspring.output.ansi.enabled=always -Dcom.sun.management.jmxremote -Dspring.jmx.enabled=true -Dspring.liveBeansView.mbeanDomain -Dspring.application.admin.enabled=true -Dmanagement.endpoints.jmx.exposure.include=* -javaagent:C:\Program Files\JetBrains\IntelliJ IDEA 2023.1.3\lib\idea_rt.jar=63587:C:\Program Files\JetBrains\IntelliJ IDEA 2023.1.3\bin -Dfile.encoding=UTF-8 back.whats_your_ETF.WhatsYourEtfApplication

Host: 13th Gen Intel(R) Core(TM) i5-1335U, 12 cores, 15G,  Windows 11 , 64 bit Build 22621 (10.0.22621.4391)
Time: Mon Nov 25 11:18:45 2024  Windows 11 , 64 bit Build 22621 (10.0.22621.4391) elapsed time: 0.040330 seconds (0d 0h 0m 0s)

---------------  T H R E A D  ---------------

Current thread (0x00000223a7605350):  JavaThread "Unknown thread" [_thread_in_vm, id=30692, stack(0x00000063cfb00000,0x00000063cfc00000)]

Stack: [0x00000063cfb00000,0x00000063cfc00000]
Native frames: (J=compiled Java code, j=interpreted, Vv=VM code, C=native code)
V  [jvm.dll+0x677d0a]
V  [jvm.dll+0x7d8c54]
V  [jvm.dll+0x7da3fe]
V  [jvm.dll+0x7daa63]
V  [jvm.dll+0x245c5f]
V  [jvm.dll+0x674bb9]
V  [jvm.dll+0x6694f2]
V  [jvm.dll+0x3031d6]
V  [jvm.dll+0x30a756]
V  [jvm.dll+0x359f9e]
V  [jvm.dll+0x35a1cf]
V  [jvm.dll+0x2da3e8]
V  [jvm.dll+0x2db354]
V  [jvm.dll+0x7aa711]
V  [jvm.dll+0x367b51]
V  [jvm.dll+0x789979]
V  [jvm.dll+0x3eb05f]
V  [jvm.dll+0x3ecae1]
C  [jli.dll+0x5297]
C  [ucrtbase.dll+0x29333]
C  [KERNEL32.DLL+0x1259d]
C  [ntdll.dll+0x5af38]


---------------  P R O C E S S  ---------------

Threads class SMR info:
_java_thread_list=0x00007ffae51e59d8, length=0, elements={
}

Java Threads: ( => current thread )

Other Threads:
  0x00000223a7671970 GCTaskThread "GC Thread#0" [stack: 0x00000063cfc00000,0x00000063cfd00000] [id=33552]
  0x00000223a54ade60 ConcurrentGCThread "G1 Main Marker" [stack: 0x00000063cfd00000,0x00000063cfe00000] [id=22704]
  0x00000223a767f470 ConcurrentGCThread "G1 Conc#0" [stack: 0x00000063cfe00000,0x00000063cff00000] [id=10944]

[error occurred during error reporting (printing all threads), id 0xc0000005, EXCEPTION_ACCESS_VIOLATION (0xc0000005) at pc=0x00007ffae4a1b047]

VM state: not at safepoint (not fully initialized)

VM Mutex/Monitor currently owned by a thread:  ([mutex/lock_event])
[0x00000223a7600320] Heap_lock - owner thread: 0x00000223a7605350

Heap address: 0x0000000704600000, size: 4026 MB, Compressed Oops mode: Zero based, Oop shift amount: 3

CDS archive(s) mapped at: [0x0000000000000000-0x0000000000000000-0x0000000000000000), size 0, SharedBaseAddress: 0x0000000800000000, ArchiveRelocationMode: 1.
Narrow klass base: 0x0000000000000000, Narrow klass shift: 0, Narrow klass range: 0x0

GC Precious Log:
<Empty>

Heap:
 garbage-first heap   total 0K, used 0K [0x0000000704600000, 0x0000000800000000)
  region size 2048K, 0 young (0K), 0 survivors (0K)

[error occurred during error reporting (printing heap information), id 0xc0000005, EXCEPTION_ACCESS_VIOLATION (0xc0000005) at pc=0x00007ffae4e01499]

GC Heap History (0 events):
No events

Deoptimization events (0 events):
No events

Classes unloaded (0 events):
No events

Classes redefined (0 events):
No events

Internal exceptions (0 events):
No events

VM Operations (0 events):
No events

Events (1 events):
Event: 0.023 Loaded shared library C:\Program Files\Java\jdk-17\bin\java.dll


Dynamic libraries:
0x00007ff6c1100000 - 0x00007ff6c1110000 	C:\Program Files\Java\jdk-17\bin\java.exe
0x00007ffb72890000 - 0x00007ffb72aa7000 	C:\Windows\SYSTEM32\ntdll.dll
0x00007ffb71680000 - 0x00007ffb71744000 	C:\Windows\System32\KERNEL32.DLL
0x00007ffb70130000 - 0x00007ffb704e9000 	C:\Windows\System32\KERNELBASE.dll
0x00007ffb6ffe0000 - 0x00007ffb700f1000 	C:\Windows\System32\ucrtbase.dll
0x00007ffb67f00000 - 0x00007ffb67f19000 	C:\Program Files\Java\jdk-17\bin\jli.dll
0x00007ffb67f50000 - 0x00007ffb67f6b000 	C:\Program Files\Java\jdk-17\bin\VCRUNTIME140.dll
0x00007ffb724b0000 - 0x00007ffb72562000 	C:\Windows\System32\ADVAPI32.dll
0x00007ffb72230000 - 0x00007ffb722d7000 	C:\Windows\System32\msvcrt.dll
0x00007ffb712f0000 - 0x00007ffb71397000 	C:\Windows\System32\sechost.dll
0x00007ffb70100000 - 0x00007ffb70128000 	C:\Windows\System32\bcrypt.dll
0x00007ffb71750000 - 0x00007ffb71864000 	C:\Windows\System32\RPCRT4.dll
0x00007ffb72300000 - 0x00007ffb724ae000 	C:\Windows\System32\USER32.dll
0x00007ffb6ff10000 - 0x00007ffb6ff36000 	C:\Windows\System32\win32u.dll
0x00007ffb706c0000 - 0x00007ffb706e9000 	C:\Windows\System32\GDI32.dll
0x00007ffb6fdf0000 - 0x00007ffb6ff0b000 	C:\Windows\System32\gdi32full.dll
0x00007ffb6ff40000 - 0x00007ffb6ffda000 	C:\Windows\System32\msvcp_win.dll
0x00007ffb45840000 - 0x00007ffb45ad2000 	C:\Windows\WinSxS\amd64_microsoft.windows.common-controls_6595b64144ccf1df_6.0.22621.4391_none_2715d37f73803e96\COMCTL32.dll
0x00007ffb5bc20000 - 0x00007ffb5bc2a000 	C:\Windows\SYSTEM32\VERSION.dll
0x00007ffb72600000 - 0x00007ffb72631000 	C:\Windows\System32\IMM32.DLL
0x00007ffb67970000 - 0x00007ffb6797c000 	C:\Program Files\Java\jdk-17\bin\vcruntime140_1.dll
0x00007ffb47b90000 - 0x00007ffb47c1e000 	C:\Program Files\Java\jdk-17\bin\msvcp140.dll
0x00007ffae4730000 - 0x00007ffae530e000 	C:\Program Files\Java\jdk-17\bin\server\jvm.dll
0x00007ffb72220000 - 0x00007ffb72228000 	C:\Windows\System32\PSAPI.DLL
0x00007ffb67050000 - 0x00007ffb67084000 	C:\Windows\SYSTEM32\WINMM.dll
0x00007ffb51000000 - 0x00007ffb51009000 	C:\Windows\SYSTEM32\WSOCK32.dll
0x00007ffb71870000 - 0x00007ffb718e1000 	C:\Windows\System32\WS2_32.dll
0x00007ffb6eb30000 - 0x00007ffb6eb48000 	C:\Windows\SYSTEM32\kernel.appcore.dll
0x00007ffb67960000 - 0x00007ffb6796a000 	C:\Program Files\Java\jdk-17\bin\jimage.dll
0x00007ffb6d1b0000 - 0x00007ffb6d3e2000 	C:\Windows\SYSTEM32\DBGHELP.DLL
0x00007ffb706f0000 - 0x00007ffb70a7f000 	C:\Windows\System32\combase.dll
0x00007ffb70be0000 - 0x00007ffb70cb7000 	C:\Windows\System32\OLEAUT32.dll
0x00007ffb53080000 - 0x00007ffb530b2000 	C:\Windows\SYSTEM32\dbgcore.DLL
0x00007ffb6fd70000 - 0x00007ffb6fdeb000 	C:\Windows\System32\bcryptPrimitives.dll
0x00007ffb663b0000 - 0x00007ffb663be000 	C:\Program Files\Java\jdk-17\bin\instrument.dll
0x00007ffb48050000 - 0x00007ffb48075000 	C:\Program Files\Java\jdk-17\bin\java.dll

dbghelp: loaded successfully - version: 4.0.5 - missing functions: none
symbol engine: initialized successfully - sym options: 0x614 - pdb path: .;C:\Program Files\Java\jdk-17\bin;C:\Windows\SYSTEM32;C:\Windows\WinSxS\amd64_microsoft.windows.common-controls_6595b64144ccf1df_6.0.22621.4391_none_2715d37f73803e96;C:\Program Files\Java\jdk-17\bin\server

VM Arguments:
jvm_args: -XX:TieredStopAtLevel=1 -Dspring.profiles.active=dev -Dspring.output.ansi.enabled=always -Dcom.sun.management.jmxremote -Dspring.jmx.enabled=true -Dspring.liveBeansView.mbeanDomain -Dspring.application.admin.enabled=true -Dmanagement.endpoints.jmx.exposure.include=* -javaagent:C:\Program Files\JetBrains\IntelliJ IDEA 2023.1.3\lib\idea_rt.jar=63587:C:\Program Files\JetBrains\IntelliJ IDEA 2023.1.3\bin -Dfile.encoding=UTF-8 
java_command: back.whats_your_ETF.WhatsYourEtfApplication
java_class_path (initial): C:\Users\kmj49\Desktop\pda-Project1-Backend\back\build\classes\java\main;C:\Users\kmj49\Desktop\pda-Project1-Backend\back\build\resources\main;C:\Users\kmj49\.gradle\caches\modules-2\files-2.1\org.projectlombok\lombok\1.18.34\ec547ef414ab1d2c040118fb9c1c265ada63af14\lombok-1.18.34.jar;C:\Users\kmj49\.gradle\caches\modules-2\files-2.1\org.springframework.boot\spring-boot-starter-data-jpa\3.3.5\3fbef698f3a3c43c60ed493f96b11471f7d01ec7\spring-boot-starter-data-jpa-3.3.5.jar;C:\Users\kmj49\.gradle\caches\modules-2\files-2.1\org.springframework.boot\spring-boot-starter-data-redis\3.3.5\5156ce55ab1d9445d5175fdf7119aecf830c7dde\spring-boot-starter-data-redis-3.3.5.jar;C:\Users\kmj49\.gradle\caches\modules-2\files-2.1\org.springframework.boot\spring-boot-starter-web\3.3.5\51cc6cd5fb15f4eecfadea4ac689ed290e65c2cc\spring-boot-starter-web-3.3.5.jar;C:\Users\kmj49\.gradle\caches\modules-2\files-2.1\org.springframework.boot\spring-boot-starter-security\3.3.5\662a0cd1672e55cdde5f8af1be79e18653e13c3d\spring-boot-starter-security-3.3.5.jar;C:\Users\kmj49\.gradle\caches\modules-2\files-2.1\org.springdoc\springdoc-openapi-starter-webmvc-ui\2.0.2\264da79c9d4a53feab8c5c6d0e0cb143bd099d4\springdoc-openapi-starter-webmvc-ui-2.0.2.jar;C:\Users\kmj49\.gradle\caches\modules-2\files-2.1\io.jsonwebtoken\jjwt-api\0.11.5\f742940045619d06383e7df37b21ac422b476cf1\jjwt-api-0.11.5.jar;C:\Users\kmj49\.gradle\caches\modules-2\files-2.1\com.fasterxml.jackson.core\jackson-databind\2.17.2\e6deb029e5901e027c129341fac39e515066b68c\jackson-databind-2.17.2.jar;C:\Users\kmj49\.gradle\caches\modules-2\files-2.1\org.springframework.boot\spring-boot-starter-aop\3.3.5\872157ff7d70996d6302f61aad1b176b4905a169\spring-boot-starter-aop-3.3.5.jar;C:\Users\kmj49\.gradle\caches\modules-2\files-2.1\org.springframework.boot\spring-boot-starter-jdbc\3.3.5\64c2c63ff90dffcd6996b3cd11e5d7e9805884d2\spring-boot-starter-jdbc-3.3.5.jar;C:\Users\kmj49\.gradle\caches\modules-2\files-2.1\org.hibernate.
Launcher Type: SUN_STANDARD

[Global flags]
     intx CICompilerCount                          = 4                                         {product} {ergonomic}
     uint ConcGCThreads                            = 3                                         {product} {ergonomic}
     uint G1ConcRefinementThreads                  = 10                                        {product} {ergonomic}
   size_t G1HeapRegionSize                         = 2097152                                   {product} {ergonomic}
    uintx GCDrainStackTargetSize                   = 64                                        {product} {ergonomic}
   size_t InitialHeapSize                          = 264241152                                 {product} {ergonomic}
     bool ManagementServer                         = true                                      {product} {command line}
   size_t MarkStackSize                            = 4194304                                   {product} {ergonomic}
   size_t MaxHeapSize                              = 4221566976                                {product} {ergonomic}
   size_t MinHeapDeltaBytes                        = 2097152                                   {product} {ergonomic}
   size_t MinHeapSize                              = 8388608                                   {product} {ergonomic}
    uintx NonProfiledCodeHeapSize                  = 0                                      {pd product} {ergonomic}
     bool ProfileInterpreter                       = false                                  {pd product} {command line}
    uintx ProfiledCodeHeapSize                     = 0                                      {pd product} {ergonomic}
   size_t SoftMaxHeapSize                          = 4221566976                             {manageable} {ergonomic}
     intx TieredStopAtLevel                        = 1                                         {product} {command line}
     bool UseCompressedClassPointers               = true                           {product lp64_product} {ergonomic}
     bool UseCompressedOops                        = true                           {product lp64_product} {ergonomic}
     bool UseG1GC                                  = true                                      {product} {ergonomic}
     bool UseLargePagesIndividualAllocation        = false                                  {pd product} {ergonomic}

Logging:
Log output configuration:
 #0: stdout all=warning uptime,level,tags
 #1: stderr all=off uptime,level,tags

Environment Variables:
JAVA_HOME=C:\Program Files\Java\jdk-17
CLASSPATH=C:\Program Files\Java\jdk-17\lib
PATH=C:\Windows\System32;C:\Program Files\Java\jdk-17\bin;C:\Program Files\Common Files\Oracle\Java\javapath;C:\Program Files\Java\jdk-11.0.20.101-hotspot\bin;C:\Program Files\Java\jdk-8.0.382.5-hotspot\bin;C:\Windows\system32;C:\Windows;C:\Windows\System32\Wbem;C:\Windows\System32\WindowsPowerShell\v1.0\;C:\Windows\System32\OpenSSH\;C:\MinGW\bin;C:\Program Files\Microsoft SQL Server\150\Tools\Binn\;C:\Program Files\Microsoft SQL Server\Client SDK\ODBC\170\Tools\Binn\;C:\Program Files\Bandizip\;C:\Program Files\PuTTY\;C:\Program Files\Git\cmd;C:\Program Files\dotnet\;C:\Program Files\Docker\Docker\resources\bin;C:\Program Files\MYSQL\MYSQL Server 8.0;C:\Program Files\MYSQL\MYSQL Server 8.0\bin;C:\Program Files\PostgreSQL\12\bin;C:\Users\kmj49\AppData\Roaming\nvm;C:\Program Files\nodejs;C:\Program Files\Redis\;C:\Program Files\MySQL\MySQL Shell 8.0\bin\;C:\Users\kmj49\AppData\Local\Programs\Python\Python311\Scripts\;C:\Users\kmj49\AppData\Local\Programs\Python\Python311\;C:\Users\kmj49\AppData\Local\Microsoft\WindowsApps;C:\Users\kmj49\AppData\Local\Programs\Microsoft VS Code\bin;C:\Users\kmj49\.dotnet\tools;C:\Program Files\JetBrains\IntelliJ IDEA 2023.1.3\bin;C:\Users\kmj49\AppData\Roaming\npm;C:\Users\kmj49\AppData\Local\gitkraken\bin;C:\Users\kmj49\AppData\Local\GitHubDesktop\bin;C:\Users\kmj49\.dotnet\tools;C:\Windows\System32;C:\Users\kmj49\AppData\Roaming\nvm;C:\Program Files\nodejs
USERNAME=그린레몬티
OS=Windows_NT
PROCESSOR_IDENTIFIER=Intel64 Family 6 Model 186 Stepping 3, GenuineIntel



---------------  S Y S T E M  ---------------

OS:
 Windows 11 , 64 bit Build 22621 (10.0.22621.4391)
OS uptime: 3 days 1:18 hours
Hyper-V role detected

CPU: total 12 (initial active 12) (6 cores per cpu, 2 threads per core) family 6 model 186 stepping 3 microcode 0x411c, cx8, cmov, fxsr, ht, mmx, 3dnowpref, sse, sse2, sse3, ssse3, sse4.1, sse4.2, popcnt, lzcnt, tsc, tscinvbit, avx, avx2, aes, erms, clmul, bmi1, bmi2, adx, sha, fma, vzeroupper, clflush, clflushopt, clwb, hv

Memory: 4k page, system-wide physical 16098M (478M free)
TotalPageFile size 44981M (AvailPageFile size 233M)
current process WorkingSet (physical memory assigned to process): 12M, peak: 12M
current process commit charge ("private bytes"): 59M, peak: 311M

vm_info: Java HotSpot(TM) 64-Bit Server VM (17.0.8+9-LTS-211) for windows-amd64 JRE (17.0.8+9-LTS-211), built on Jun 14 2023 10:34:31 by "mach5one" with MS VC++ 17.1 (VS2022)

END.
